2025-02-14 08:45:37,999 - INFO - Starting experiments with Fool's Gold defense...
2025-02-14 08:45:38,000 - INFO - Starting experiment with 10.0% malicious clients
2025-02-14 08:46:15,595 - INFO - Number of malicious clients: 10
2025-02-14 08:47:26,354 - INFO - Starting experiments with Fool's Gold defense...
2025-02-14 08:47:26,355 - INFO - Starting experiment with 10.0% malicious clients
2025-02-14 08:47:27,885 - INFO - Number of malicious clients: 10
2025-02-14 08:48:39,581 - INFO - Starting experiments with Fool's Gold defense...
2025-02-14 08:48:39,582 - INFO - Starting experiment with 10.0% malicious clients
2025-02-14 08:48:41,254 - INFO - Number of malicious clients: 10
2025-02-14 08:52:21,474 - INFO - Starting experiments with Fool's Gold defense...
2025-02-14 08:52:21,475 - INFO - Starting experiment with 10.0% malicious clients
2025-02-14 08:52:23,345 - INFO - Number of malicious clients: 10
2025-02-14 08:53:23,658 - ERROR - Error in experiment with 10.0% malicious clients: not enough values to unpack (expected 3, got 2)
2025-02-14 08:53:23,661 - INFO - Starting experiment with 20.0% malicious clients
2025-02-14 08:53:24,533 - INFO - Number of malicious clients: 20
2025-02-14 08:53:58,676 - INFO - Starting experiments with Fool's Gold defense...
2025-02-14 08:53:58,677 - INFO - Starting experiment with 10.0% malicious clients
2025-02-14 08:54:00,438 - INFO - Number of malicious clients: 10
2025-02-14 08:55:16,855 - ERROR - Error in experiment with 10.0% malicious clients: not enough values to unpack (expected 3, got 2)
2025-02-14 08:55:16,858 - INFO - Starting experiment with 20.0% malicious clients
2025-02-14 08:55:17,730 - INFO - Number of malicious clients: 20
2025-02-14 08:56:15,891 - ERROR - Error in experiment with 20.0% malicious clients: not enough values to unpack (expected 3, got 2)
2025-02-14 08:56:15,893 - INFO - Starting experiment with 30.0% malicious clients
2025-02-14 08:56:31,383 - INFO - Starting experiments with Fool's Gold defense...
2025-02-14 08:56:31,384 - INFO - Starting experiment with 10.0% malicious clients
2025-02-14 08:56:33,035 - INFO - Number of malicious clients: 10
2025-02-14 08:56:33,060 - ERROR - Error in experiment with 10.0% malicious clients: 'Server' object has no attribute 'train_round'
2025-02-14 08:56:33,063 - INFO - Starting experiment with 20.0% malicious clients
2025-02-14 08:56:34,590 - INFO - Number of malicious clients: 20
2025-02-14 08:56:34,619 - ERROR - Error in experiment with 20.0% malicious clients: 'Server' object has no attribute 'train_round'
2025-02-14 08:56:34,622 - INFO - Starting experiment with 30.0% malicious clients
2025-02-14 08:56:36,264 - INFO - Number of malicious clients: 30
2025-02-14 08:56:36,283 - ERROR - Error in experiment with 30.0% malicious clients: 'Server' object has no attribute 'train_round'
2025-02-14 08:56:36,286 - INFO - Starting experiment with 40.0% malicious clients
2025-02-14 08:56:37,821 - INFO - Number of malicious clients: 40
2025-02-14 08:56:37,840 - ERROR - Error in experiment with 40.0% malicious clients: 'Server' object has no attribute 'train_round'
2025-02-14 08:56:37,843 - INFO - Starting experiment with 50.0% malicious clients
2025-02-14 08:56:39,873 - INFO - Number of malicious clients: 50
2025-02-14 08:56:39,902 - ERROR - Error in experiment with 50.0% malicious clients: 'Server' object has no attribute 'train_round'
2025-02-14 08:56:39,905 - INFO - 
Starting experiments without defense...
2025-02-14 08:56:39,906 - INFO - Starting experiment with 10.0% malicious clients
2025-02-14 08:56:41,344 - INFO - Number of malicious clients: 10
2025-02-14 08:56:41,358 - ERROR - Error in experiment with 10.0% malicious clients: 'Server' object has no attribute 'train_round'
2025-02-14 08:56:41,360 - INFO - Starting experiment with 20.0% malicious clients
2025-02-14 08:56:42,328 - INFO - Number of malicious clients: 20
2025-02-14 08:56:42,338 - ERROR - Error in experiment with 20.0% malicious clients: 'Server' object has no attribute 'train_round'
2025-02-14 08:56:42,340 - INFO - Starting experiment with 30.0% malicious clients
2025-02-14 08:59:14,957 - INFO - Starting experiments with Fool's Gold defense...
2025-02-14 08:59:14,958 - INFO - Starting experiment with 10.0% malicious clients
2025-02-14 08:59:16,619 - INFO - Number of malicious clients: 10
2025-02-14 09:00:26,012 - INFO - 
Round 0:
2025-02-14 09:00:26,025 - INFO - Loss = 2.0220, Accuracy = 31.48%
2025-02-14 09:00:26,026 - INFO - 
Detection Metrics for Round 0:
2025-02-14 09:00:26,027 - INFO - True Positives: 10
2025-02-14 09:00:26,027 - INFO - False Positives: 90
2025-02-14 09:00:26,027 - INFO - False Negatives: 0
2025-02-14 09:00:26,027 - INFO - True Negatives: 0
2025-02-14 09:00:26,028 - INFO - Detection Rate: 100.00%
2025-02-14 09:00:26,028 - INFO - False Positive Rate: 100.00%
2025-02-14 09:00:26,028 - INFO - Precision: 10.00%
2025-02-14 09:00:26,028 - INFO - Total Malicious Clients: 10
2025-02-14 09:00:26,029 - INFO - Total Detected Clients: 100
2025-02-14 09:00:26,029 - INFO - Detected Client IDs: [0, 1, 2, 3, 4, 5, 6, 7, 8, 9, 10, 11, 12, 13, 14, 15, 16, 17, 18, 19, 20, 21, 22, 23, 24, 25, 26, 27, 28, 29, 30, 31, 32, 33, 34, 35, 36, 37, 38, 39, 40, 41, 42, 43, 44, 45, 46, 47, 48, 49, 50, 51, 52, 53, 54, 55, 56, 57, 58, 59, 60, 61, 62, 63, 64, 65, 66, 67, 68, 69, 70, 71, 72, 73, 74, 75, 76, 77, 78, 79, 80, 81, 82, 83, 84, 85, 86, 87, 88, 89, 90, 91, 92, 93, 94, 95, 96, 97, 98, 99]
2025-02-14 09:00:26,030 - INFO - Actual Malicious Client IDs: [0, 1, 2, 3, 4, 5, 6, 7, 8, 9]

2025-02-14 09:00:26,575 - INFO - Backdoor Success Rate = 23.30%
2025-02-14 09:01:54,638 - INFO - Starting experiments with Fool's Gold defense...
2025-02-14 09:01:54,639 - INFO - Starting experiment with 10.0% malicious clients
2025-02-14 09:01:56,446 - INFO - Number of malicious clients: 1
2025-02-14 09:02:53,674 - INFO - 
Round 0:
2025-02-14 09:02:53,674 - INFO - Loss = 1.6079, Accuracy = 51.06%
2025-02-14 09:02:53,675 - INFO - 
Detection Metrics for Round 0:
2025-02-14 09:02:53,675 - INFO - True Positives: 0
2025-02-14 09:02:53,676 - INFO - False Positives: 0
2025-02-14 09:02:53,676 - INFO - False Negatives: 1
2025-02-14 09:02:53,676 - INFO - True Negatives: 9
2025-02-14 09:02:53,676 - INFO - Detection Rate: 0.00%
2025-02-14 09:02:53,677 - INFO - False Positive Rate: 0.00%
2025-02-14 09:02:53,677 - INFO - Precision: 0.00%
2025-02-14 09:02:53,677 - INFO - Total Malicious Clients: 1
2025-02-14 09:02:53,678 - INFO - Total Detected Clients: 0
2025-02-14 09:02:53,678 - INFO - Detected Client IDs: []
2025-02-14 09:02:53,678 - INFO - Actual Malicious Client IDs: [0]

2025-02-14 09:02:54,209 - INFO - Backdoor Success Rate = 7.10%
2025-02-14 09:03:49,916 - INFO - 
Round 1:
2025-02-14 09:03:49,916 - INFO - Loss = 1.0476, Accuracy = 64.11%
2025-02-14 09:03:49,917 - INFO - 
Detection Metrics for Round 1:
2025-02-14 09:03:49,917 - INFO - True Positives: 0
2025-02-14 09:03:49,917 - INFO - False Positives: 0
2025-02-14 09:03:49,918 - INFO - False Negatives: 1
2025-02-14 09:03:49,918 - INFO - True Negatives: 9
2025-02-14 09:03:49,918 - INFO - Detection Rate: 0.00%
2025-02-14 09:03:49,919 - INFO - False Positive Rate: 0.00%
2025-02-14 09:03:49,919 - INFO - Precision: 0.00%
2025-02-14 09:03:49,919 - INFO - Total Malicious Clients: 1
2025-02-14 09:03:49,919 - INFO - Total Detected Clients: 0
2025-02-14 09:03:49,920 - INFO - Detected Client IDs: []
2025-02-14 09:03:49,920 - INFO - Actual Malicious Client IDs: [0]

2025-02-14 09:03:50,462 - INFO - Backdoor Success Rate = 8.00%
2025-02-14 09:04:39,838 - INFO - 
Round 2:
2025-02-14 09:04:39,839 - INFO - Loss = 0.8961, Accuracy = 69.15%
2025-02-14 09:04:39,839 - INFO - 
Detection Metrics for Round 2:
2025-02-14 09:04:39,839 - INFO - True Positives: 0
2025-02-14 09:04:39,840 - INFO - False Positives: 0
2025-02-14 09:04:39,840 - INFO - False Negatives: 1
2025-02-14 09:04:39,840 - INFO - True Negatives: 9
2025-02-14 09:04:39,841 - INFO - Detection Rate: 0.00%
2025-02-14 09:04:39,841 - INFO - False Positive Rate: 0.00%
2025-02-14 09:04:39,841 - INFO - Precision: 0.00%
2025-02-14 09:04:39,841 - INFO - Total Malicious Clients: 1
2025-02-14 09:04:39,842 - INFO - Total Detected Clients: 0
2025-02-14 09:04:39,842 - INFO - Detected Client IDs: []
2025-02-14 09:04:39,842 - INFO - Actual Malicious Client IDs: [0]

2025-02-14 09:04:40,374 - INFO - Backdoor Success Rate = 8.60%
2025-02-14 09:05:34,782 - INFO - 
Round 3:
2025-02-14 09:05:34,782 - INFO - Loss = 0.8307, Accuracy = 71.52%
2025-02-14 09:05:34,783 - INFO - 
Detection Metrics for Round 3:
2025-02-14 09:05:34,783 - INFO - True Positives: 0
2025-02-14 09:05:34,784 - INFO - False Positives: 0
2025-02-14 09:05:34,784 - INFO - False Negatives: 1
2025-02-14 09:05:34,784 - INFO - True Negatives: 9
2025-02-14 09:05:34,785 - INFO - Detection Rate: 0.00%
2025-02-14 09:05:34,785 - INFO - False Positive Rate: 0.00%
2025-02-14 09:05:34,785 - INFO - Precision: 0.00%
2025-02-14 09:05:34,785 - INFO - Total Malicious Clients: 1
2025-02-14 09:05:34,786 - INFO - Total Detected Clients: 0
2025-02-14 09:05:34,786 - INFO - Detected Client IDs: []
2025-02-14 09:05:34,786 - INFO - Actual Malicious Client IDs: [0]

2025-02-14 09:05:35,311 - INFO - Backdoor Success Rate = 8.40%
2025-02-14 09:06:26,208 - INFO - 
Round 4:
2025-02-14 09:06:26,209 - INFO - Loss = 0.7952, Accuracy = 73.08%
2025-02-14 09:06:26,209 - INFO - 
Detection Metrics for Round 4:
2025-02-14 09:06:26,210 - INFO - True Positives: 0
2025-02-14 09:06:26,210 - INFO - False Positives: 0
2025-02-14 09:06:26,210 - INFO - False Negatives: 1
2025-02-14 09:06:26,211 - INFO - True Negatives: 9
2025-02-14 09:06:26,211 - INFO - Detection Rate: 0.00%
2025-02-14 09:06:26,211 - INFO - False Positive Rate: 0.00%
2025-02-14 09:06:26,212 - INFO - Precision: 0.00%
2025-02-14 09:06:26,212 - INFO - Total Malicious Clients: 1
2025-02-14 09:06:26,212 - INFO - Total Detected Clients: 0
2025-02-14 09:06:26,212 - INFO - Detected Client IDs: []
2025-02-14 09:06:26,213 - INFO - Actual Malicious Client IDs: [0]

2025-02-14 09:06:26,749 - INFO - Backdoor Success Rate = 9.00%
2025-02-14 09:07:13,401 - INFO - 
Round 5:
2025-02-14 09:07:13,402 - INFO - Loss = 0.7778, Accuracy = 73.63%
2025-02-14 09:07:13,402 - INFO - 
Detection Metrics for Round 5:
2025-02-14 09:07:13,403 - INFO - True Positives: 0
2025-02-14 09:07:13,403 - INFO - False Positives: 0
2025-02-14 09:07:13,403 - INFO - False Negatives: 1
2025-02-14 09:07:13,404 - INFO - True Negatives: 9
2025-02-14 09:07:13,404 - INFO - Detection Rate: 0.00%
2025-02-14 09:07:13,404 - INFO - False Positive Rate: 0.00%
2025-02-14 09:07:13,404 - INFO - Precision: 0.00%
2025-02-14 09:07:13,405 - INFO - Total Malicious Clients: 1
2025-02-14 09:07:13,405 - INFO - Total Detected Clients: 0
2025-02-14 09:07:13,405 - INFO - Detected Client IDs: []
2025-02-14 09:07:13,405 - INFO - Actual Malicious Client IDs: [0]

2025-02-14 09:07:13,951 - INFO - Backdoor Success Rate = 9.40%
2025-02-14 09:08:07,478 - INFO - 
Round 6:
2025-02-14 09:08:07,479 - INFO - Loss = 0.7619, Accuracy = 74.29%
2025-02-14 09:08:07,479 - INFO - 
Detection Metrics for Round 6:
2025-02-14 09:08:07,480 - INFO - True Positives: 0
2025-02-14 09:08:07,480 - INFO - False Positives: 0
2025-02-14 09:08:07,480 - INFO - False Negatives: 1
2025-02-14 09:08:07,481 - INFO - True Negatives: 9
2025-02-14 09:08:07,481 - INFO - Detection Rate: 0.00%
2025-02-14 09:08:07,481 - INFO - False Positive Rate: 0.00%
2025-02-14 09:08:07,482 - INFO - Precision: 0.00%
2025-02-14 09:08:07,482 - INFO - Total Malicious Clients: 1
2025-02-14 09:08:07,482 - INFO - Total Detected Clients: 0
2025-02-14 09:08:07,482 - INFO - Detected Client IDs: []
2025-02-14 09:08:07,483 - INFO - Actual Malicious Client IDs: [0]

2025-02-14 09:08:08,016 - INFO - Backdoor Success Rate = 8.80%
2025-02-14 09:09:00,911 - INFO - 
Round 7:
2025-02-14 09:09:00,912 - INFO - Loss = 0.7539, Accuracy = 74.77%
2025-02-14 09:09:00,913 - INFO - 
Detection Metrics for Round 7:
2025-02-14 09:09:00,913 - INFO - True Positives: 0
2025-02-14 09:09:00,913 - INFO - False Positives: 0
2025-02-14 09:09:00,913 - INFO - False Negatives: 1
2025-02-14 09:09:00,914 - INFO - True Negatives: 9
2025-02-14 09:09:00,914 - INFO - Detection Rate: 0.00%
2025-02-14 09:09:00,914 - INFO - False Positive Rate: 0.00%
2025-02-14 09:09:00,914 - INFO - Precision: 0.00%
2025-02-14 09:09:00,914 - INFO - Total Malicious Clients: 1
2025-02-14 09:09:00,915 - INFO - Total Detected Clients: 0
2025-02-14 09:09:00,915 - INFO - Detected Client IDs: []
2025-02-14 09:09:00,915 - INFO - Actual Malicious Client IDs: [0]

2025-02-14 09:09:01,463 - INFO - Backdoor Success Rate = 8.60%
2025-02-14 09:09:59,935 - INFO - 
Round 8:
2025-02-14 09:09:59,935 - INFO - Loss = 0.7497, Accuracy = 74.89%
2025-02-14 09:09:59,935 - INFO - 
Detection Metrics for Round 8:
2025-02-14 09:09:59,936 - INFO - True Positives: 0
2025-02-14 09:09:59,936 - INFO - False Positives: 0
2025-02-14 09:09:59,936 - INFO - False Negatives: 1
2025-02-14 09:09:59,937 - INFO - True Negatives: 9
2025-02-14 09:09:59,937 - INFO - Detection Rate: 0.00%
2025-02-14 09:09:59,938 - INFO - False Positive Rate: 0.00%
2025-02-14 09:09:59,938 - INFO - Precision: 0.00%
2025-02-14 09:09:59,938 - INFO - Total Malicious Clients: 1
2025-02-14 09:09:59,939 - INFO - Total Detected Clients: 0
2025-02-14 09:09:59,939 - INFO - Detected Client IDs: []
2025-02-14 09:09:59,939 - INFO - Actual Malicious Client IDs: [0]

2025-02-14 09:10:00,472 - INFO - Backdoor Success Rate = 8.80%
2025-02-14 09:10:53,937 - INFO - 
Round 9:
2025-02-14 09:10:53,937 - INFO - Loss = 0.7541, Accuracy = 74.43%
2025-02-14 09:10:53,938 - INFO - 
Detection Metrics for Round 9:
2025-02-14 09:10:53,938 - INFO - True Positives: 0
2025-02-14 09:10:53,938 - INFO - False Positives: 0
2025-02-14 09:10:53,939 - INFO - False Negatives: 1
2025-02-14 09:10:53,939 - INFO - True Negatives: 9
2025-02-14 09:10:53,939 - INFO - Detection Rate: 0.00%
2025-02-14 09:10:53,939 - INFO - False Positive Rate: 0.00%
2025-02-14 09:10:53,940 - INFO - Precision: 0.00%
2025-02-14 09:10:53,940 - INFO - Total Malicious Clients: 1
2025-02-14 09:10:53,940 - INFO - Total Detected Clients: 0
2025-02-14 09:10:53,940 - INFO - Detected Client IDs: []
2025-02-14 09:10:53,940 - INFO - Actual Malicious Client IDs: [0]

2025-02-14 09:10:54,497 - INFO - Backdoor Success Rate = 8.60%
2025-02-14 09:10:54,499 - INFO - Completed experiment with 10.0% malicious clients (defense ON)
2025-02-14 09:10:54,499 - INFO - Starting experiment with 20.0% malicious clients
2025-02-14 09:10:55,299 - INFO - Number of malicious clients: 2
2025-02-14 09:11:39,541 - INFO - 
Round 0:
2025-02-14 09:11:39,542 - INFO - Loss = 1.5875, Accuracy = 51.45%
2025-02-14 09:11:39,542 - INFO - 
Detection Metrics for Round 0:
2025-02-14 09:11:39,543 - INFO - True Positives: 2
2025-02-14 09:11:39,543 - INFO - False Positives: 0
2025-02-14 09:11:39,544 - INFO - False Negatives: 0
2025-02-14 09:11:39,544 - INFO - True Negatives: 8
2025-02-14 09:11:39,544 - INFO - Detection Rate: 100.00%
2025-02-14 09:11:39,545 - INFO - False Positive Rate: 0.00%
2025-02-14 09:11:39,545 - INFO - Precision: 100.00%
2025-02-14 09:11:39,545 - INFO - Total Malicious Clients: 2
2025-02-14 09:11:39,545 - INFO - Total Detected Clients: 2
2025-02-14 09:11:39,545 - INFO - Detected Client IDs: [0, 1]
2025-02-14 09:11:39,546 - INFO - Actual Malicious Client IDs: [0, 1]

2025-02-14 09:11:40,647 - INFO - Backdoor Success Rate = 6.25%
2025-02-14 09:12:27,343 - INFO - 
Round 1:
2025-02-14 09:12:27,343 - INFO - Loss = 1.0822, Accuracy = 63.03%
2025-02-14 09:12:27,344 - INFO - 
Detection Metrics for Round 1:
2025-02-14 09:12:27,344 - INFO - True Positives: 0
2025-02-14 09:12:27,344 - INFO - False Positives: 0
2025-02-14 09:12:27,344 - INFO - False Negatives: 2
2025-02-14 09:12:27,345 - INFO - True Negatives: 8
2025-02-14 09:12:27,345 - INFO - Detection Rate: 0.00%
2025-02-14 09:12:27,345 - INFO - False Positive Rate: 0.00%
2025-02-14 09:12:27,345 - INFO - Precision: 0.00%
2025-02-14 09:12:27,346 - INFO - Total Malicious Clients: 2
2025-02-14 09:12:27,346 - INFO - Total Detected Clients: 0
2025-02-14 09:12:27,346 - INFO - Detected Client IDs: []
2025-02-14 09:12:27,346 - INFO - Actual Malicious Client IDs: [0, 1]

2025-02-14 09:12:28,391 - INFO - Backdoor Success Rate = 10.10%
2025-02-14 09:13:11,555 - INFO - 
Round 2:
2025-02-14 09:13:11,556 - INFO - Loss = 0.9285, Accuracy = 67.96%
2025-02-14 09:13:11,557 - INFO - 
Detection Metrics for Round 2:
2025-02-14 09:13:11,557 - INFO - True Positives: 0
2025-02-14 09:13:11,557 - INFO - False Positives: 0
2025-02-14 09:13:11,557 - INFO - False Negatives: 2
2025-02-14 09:13:11,558 - INFO - True Negatives: 8
2025-02-14 09:13:11,558 - INFO - Detection Rate: 0.00%
2025-02-14 09:13:11,558 - INFO - False Positive Rate: 0.00%
2025-02-14 09:13:11,559 - INFO - Precision: 0.00%
2025-02-14 09:13:11,559 - INFO - Total Malicious Clients: 2
2025-02-14 09:13:11,559 - INFO - Total Detected Clients: 0
2025-02-14 09:13:11,560 - INFO - Detected Client IDs: []
2025-02-14 09:13:11,560 - INFO - Actual Malicious Client IDs: [0, 1]

2025-02-14 09:13:12,624 - INFO - Backdoor Success Rate = 10.75%
2025-02-14 09:14:01,839 - INFO - 
Round 3:
2025-02-14 09:14:01,840 - INFO - Loss = 0.8740, Accuracy = 70.43%
2025-02-14 09:14:01,840 - INFO - 
Detection Metrics for Round 3:
2025-02-14 09:14:01,840 - INFO - True Positives: 0
2025-02-14 09:14:01,840 - INFO - False Positives: 0
2025-02-14 09:14:01,841 - INFO - False Negatives: 2
2025-02-14 09:14:01,841 - INFO - True Negatives: 8
2025-02-14 09:14:01,841 - INFO - Detection Rate: 0.00%
2025-02-14 09:14:01,841 - INFO - False Positive Rate: 0.00%
2025-02-14 09:14:01,842 - INFO - Precision: 0.00%
2025-02-14 09:14:01,842 - INFO - Total Malicious Clients: 2
2025-02-14 09:14:01,842 - INFO - Total Detected Clients: 0
2025-02-14 09:14:01,843 - INFO - Detected Client IDs: []
2025-02-14 09:14:01,843 - INFO - Actual Malicious Client IDs: [0, 1]

2025-02-14 09:14:02,949 - INFO - Backdoor Success Rate = 9.90%
2025-02-14 09:14:52,172 - INFO - 
Round 4:
2025-02-14 09:14:52,172 - INFO - Loss = 0.8360, Accuracy = 71.70%
2025-02-14 09:14:52,173 - INFO - 
Detection Metrics for Round 4:
2025-02-14 09:14:52,173 - INFO - True Positives: 0
2025-02-14 09:14:52,173 - INFO - False Positives: 0
2025-02-14 09:14:52,173 - INFO - False Negatives: 2
2025-02-14 09:14:52,174 - INFO - True Negatives: 8
2025-02-14 09:14:52,174 - INFO - Detection Rate: 0.00%
2025-02-14 09:14:52,174 - INFO - False Positive Rate: 0.00%
2025-02-14 09:14:52,175 - INFO - Precision: 0.00%
2025-02-14 09:14:52,175 - INFO - Total Malicious Clients: 2
2025-02-14 09:14:52,175 - INFO - Total Detected Clients: 0
2025-02-14 09:14:52,176 - INFO - Detected Client IDs: []
2025-02-14 09:14:52,176 - INFO - Actual Malicious Client IDs: [0, 1]

2025-02-14 09:14:53,315 - INFO - Backdoor Success Rate = 10.10%
2025-02-15 11:42:55,300 - INFO - Starting experiments with Fool's Gold defense...
2025-02-15 11:42:55,301 - INFO - Starting experiment with 20.0% malicious clients
2025-02-15 11:42:57,679 - INFO - Number of malicious clients: 2
2025-02-15 11:42:57,784 - ERROR - Error in experiment with 20.0% malicious clients: CUDA error: unspecified launch failure
CUDA kernel errors might be asynchronously reported at some other API call, so the stacktrace below might be incorrect.
For debugging consider passing CUDA_LAUNCH_BLOCKING=1
Compile with `TORCH_USE_CUDA_DSA` to enable device-side assertions.

2025-02-15 11:42:57,788 - INFO - Starting experiment with 30.0% malicious clients
2025-02-15 11:43:00,269 - INFO - Number of malicious clients: 3
2025-02-15 11:43:00,297 - ERROR - Error in experiment with 30.0% malicious clients: CUDA error: unspecified launch failure
CUDA kernel errors might be asynchronously reported at some other API call, so the stacktrace below might be incorrect.
For debugging consider passing CUDA_LAUNCH_BLOCKING=1
Compile with `TORCH_USE_CUDA_DSA` to enable device-side assertions.

2025-02-15 11:43:00,300 - INFO - Starting experiment with 40.0% malicious clients
2025-02-15 11:43:02,583 - INFO - Number of malicious clients: 4
2025-02-15 11:43:02,603 - ERROR - Error in experiment with 40.0% malicious clients: CUDA error: unspecified launch failure
CUDA kernel errors might be asynchronously reported at some other API call, so the stacktrace below might be incorrect.
For debugging consider passing CUDA_LAUNCH_BLOCKING=1
Compile with `TORCH_USE_CUDA_DSA` to enable device-side assertions.

2025-02-15 11:43:02,607 - INFO - Starting experiment with 50.0% malicious clients
2025-02-15 11:43:03,933 - INFO - Number of malicious clients: 5
2025-02-15 11:43:03,943 - ERROR - Error in experiment with 50.0% malicious clients: CUDA error: unspecified launch failure
CUDA kernel errors might be asynchronously reported at some other API call, so the stacktrace below might be incorrect.
For debugging consider passing CUDA_LAUNCH_BLOCKING=1
Compile with `TORCH_USE_CUDA_DSA` to enable device-side assertions.

2025-02-15 11:43:03,945 - INFO - 
Starting experiments without defense...
2025-02-15 11:43:03,946 - INFO - Starting experiment with 20.0% malicious clients
2025-02-15 11:43:04,817 - INFO - Number of malicious clients: 2
2025-02-15 11:43:04,825 - ERROR - Error in experiment with 20.0% malicious clients: CUDA error: unspecified launch failure
CUDA kernel errors might be asynchronously reported at some other API call, so the stacktrace below might be incorrect.
For debugging consider passing CUDA_LAUNCH_BLOCKING=1
Compile with `TORCH_USE_CUDA_DSA` to enable device-side assertions.

2025-02-15 11:43:04,828 - INFO - Starting experiment with 30.0% malicious clients
2025-02-15 11:43:05,654 - INFO - Number of malicious clients: 3
2025-02-15 11:43:05,663 - ERROR - Error in experiment with 30.0% malicious clients: CUDA error: unspecified launch failure
CUDA kernel errors might be asynchronously reported at some other API call, so the stacktrace below might be incorrect.
For debugging consider passing CUDA_LAUNCH_BLOCKING=1
Compile with `TORCH_USE_CUDA_DSA` to enable device-side assertions.

2025-02-15 11:43:05,665 - INFO - Starting experiment with 40.0% malicious clients
2025-02-15 11:43:06,495 - INFO - Number of malicious clients: 4
2025-02-15 11:43:06,504 - ERROR - Error in experiment with 40.0% malicious clients: CUDA error: unspecified launch failure
CUDA kernel errors might be asynchronously reported at some other API call, so the stacktrace below might be incorrect.
For debugging consider passing CUDA_LAUNCH_BLOCKING=1
Compile with `TORCH_USE_CUDA_DSA` to enable device-side assertions.

2025-02-15 11:43:06,506 - INFO - Starting experiment with 50.0% malicious clients
2025-02-15 11:43:07,345 - INFO - Number of malicious clients: 5
2025-02-15 11:43:07,353 - ERROR - Error in experiment with 50.0% malicious clients: CUDA error: unspecified launch failure
CUDA kernel errors might be asynchronously reported at some other API call, so the stacktrace below might be incorrect.
For debugging consider passing CUDA_LAUNCH_BLOCKING=1
Compile with `TORCH_USE_CUDA_DSA` to enable device-side assertions.

2025-02-15 11:43:21,718 - INFO - Starting experiments with Fool's Gold defense...
2025-02-15 11:43:21,719 - INFO - Starting experiment with 20.0% malicious clients
2025-02-15 11:43:24,117 - INFO - Number of malicious clients: 2
2025-02-15 11:43:24,142 - ERROR - Error in experiment with 20.0% malicious clients: CUDA error: unspecified launch failure
CUDA kernel errors might be asynchronously reported at some other API call, so the stacktrace below might be incorrect.
For debugging consider passing CUDA_LAUNCH_BLOCKING=1
Compile with `TORCH_USE_CUDA_DSA` to enable device-side assertions.

2025-02-15 11:43:24,146 - INFO - Starting experiment with 30.0% malicious clients
2025-02-15 11:43:26,641 - INFO - Number of malicious clients: 3
2025-02-15 11:43:26,668 - ERROR - Error in experiment with 30.0% malicious clients: CUDA error: unspecified launch failure
CUDA kernel errors might be asynchronously reported at some other API call, so the stacktrace below might be incorrect.
For debugging consider passing CUDA_LAUNCH_BLOCKING=1
Compile with `TORCH_USE_CUDA_DSA` to enable device-side assertions.

2025-02-15 11:43:26,673 - INFO - Starting experiment with 40.0% malicious clients
2025-02-15 11:43:28,626 - INFO - Number of malicious clients: 4
2025-02-15 11:43:28,640 - ERROR - Error in experiment with 40.0% malicious clients: CUDA error: unspecified launch failure
CUDA kernel errors might be asynchronously reported at some other API call, so the stacktrace below might be incorrect.
For debugging consider passing CUDA_LAUNCH_BLOCKING=1
Compile with `TORCH_USE_CUDA_DSA` to enable device-side assertions.

2025-02-15 11:43:28,644 - INFO - Starting experiment with 50.0% malicious clients
2025-02-15 11:43:29,684 - INFO - Number of malicious clients: 5
2025-02-15 11:43:29,693 - ERROR - Error in experiment with 50.0% malicious clients: CUDA error: unspecified launch failure
CUDA kernel errors might be asynchronously reported at some other API call, so the stacktrace below might be incorrect.
For debugging consider passing CUDA_LAUNCH_BLOCKING=1
Compile with `TORCH_USE_CUDA_DSA` to enable device-side assertions.

2025-02-15 11:43:29,695 - INFO - 
Starting experiments without defense...
2025-02-15 11:43:29,696 - INFO - Starting experiment with 20.0% malicious clients
2025-02-15 11:43:30,525 - INFO - Number of malicious clients: 2
2025-02-15 11:43:30,534 - ERROR - Error in experiment with 20.0% malicious clients: CUDA error: unspecified launch failure
CUDA kernel errors might be asynchronously reported at some other API call, so the stacktrace below might be incorrect.
For debugging consider passing CUDA_LAUNCH_BLOCKING=1
Compile with `TORCH_USE_CUDA_DSA` to enable device-side assertions.

2025-02-15 11:43:30,536 - INFO - Starting experiment with 30.0% malicious clients
2025-02-15 11:43:31,366 - INFO - Number of malicious clients: 3
2025-02-15 11:43:31,375 - ERROR - Error in experiment with 30.0% malicious clients: CUDA error: unspecified launch failure
CUDA kernel errors might be asynchronously reported at some other API call, so the stacktrace below might be incorrect.
For debugging consider passing CUDA_LAUNCH_BLOCKING=1
Compile with `TORCH_USE_CUDA_DSA` to enable device-side assertions.

2025-02-15 11:43:31,377 - INFO - Starting experiment with 40.0% malicious clients
